[  0%] Built target std_msgs_generate_messages_eus
[  0%] Built target std_msgs_generate_messages_py
[  0%] Built target ccmslam_msgs_generate_messages_cpp
[  0%] Built target std_msgs_generate_messages_nodejs
[  0%] Built target std_msgs_generate_messages_cpp
[  0%] Built target std_msgs_generate_messages_lisp
[  0%] Built target _ccmslam_generate_messages_check_deps_ServiceSaveMap
[  2%] Built target ccmslam_generate_messages_nodejs
[  8%] Built target ccmslam_generate_messages_eus
[ 13%] Built target ccmslam_generate_messages_py
[ 18%] Built target ccmslam_generate_messages_cpp
[ 18%] Built target ccmslam_generate_messages_lisp
[ 18%] Built target ccmslam_generate_messages
make[2]: 警告：文件“/home/qizh/ccmslam_ws/devel/.private/ccmslam/lib/libccmslam_lib.so”的修改时间在未来 6216 秒后
make[2]: 警告：检测到时钟错误。您的创建可能是不完整的。
[ 83%] Built target ccmslam_lib
make[2]: 警告：文件“/home/qizh/ccmslam_ws/devel/.private/ccmslam/lib/ccmslam/ccmslamServerNode”的修改时间在未来 6217 秒后
make[2]: 警告：文件“/home/qizh/ccmslam_ws/devel/.private/ccmslam/lib/ccmslam/ccmslamClientNode”的修改时间在未来 6217 秒后
make[2]: 警告：检测到时钟错误。您的创建可能是不完整的。
[ 91%] Built target ccmslamServerNode
make[2]: 警告：检测到时钟错误。您的创建可能是不完整的。
[100%] Built target ccmslamClientNode
