[  0%] Built target std_msgs_generate_messages_lisp
[  0%] Built target std_msgs_generate_messages_py
[  0%] Built target ccmslam_msgs_generate_messages_cpp
[  0%] Built target std_msgs_generate_messages_cpp
[  0%] Built target std_msgs_generate_messages_nodejs
[  0%] Built target std_msgs_generate_messages_eus
[  0%] Built target _ccmslam_generate_messages_check_deps_ServiceSaveMap
[  5%] Built target ccmslam_generate_messages_py
[  8%] Built target ccmslam_generate_messages_lisp
[ 10%] Built target ccmslam_generate_messages_nodejs
[ 16%] Built target ccmslam_generate_messages_eus
[ 18%] Built target ccmslam_generate_messages_cpp
[ 18%] Built target ccmslam_generate_messages
[35m[1mScanning dependencies of target ccmslam_lib[0m
[ 21%] [32mBuilding CXX object CMakeFiles/ccmslam_lib.dir/src/Detect.cpp.o[0m
[ 24%] [32m[1mLinking CXX shared library /home/qizh/ccmslam_ws/devel/.private/ccmslam/lib/libccmslam_lib.so[0m
[ 83%] Built target ccmslam_lib
[ 89%] [32m[1mLinking CXX executable /home/qizh/ccmslam_ws/devel/.private/ccmslam/lib/ccmslam/ccmslamClientNode[0m
[ 89%] [32m[1mLinking CXX executable /home/qizh/ccmslam_ws/devel/.private/ccmslam/lib/ccmslam/ccmslamServerNode[0m
[ 94%] Built target ccmslamClientNode
[100%] Built target ccmslamServerNode
