[  0%] Built target std_msgs_generate_messages_py
[  0%] Built target ccmslam_msgs_generate_messages_cpp
[  0%] Built target std_msgs_generate_messages_lisp
[  0%] Built target std_msgs_generate_messages_cpp
[  0%] Built target std_msgs_generate_messages_eus
[  0%] Built target std_msgs_generate_messages_nodejs
[  0%] Built target _ccmslam_generate_messages_check_deps_ServiceSaveMap
[  2%] Built target ccmslam_generate_messages_cpp
[  8%] Built target ccmslam_generate_messages_eus
[ 16%] Built target ccmslam_generate_messages_nodejs
[ 16%] Built target ccmslam_generate_messages_py
[ 18%] Built target ccmslam_generate_messages_lisp
[ 18%] Built target ccmslam_generate_messages
[35m[1mScanning dependencies of target ccmslam_lib[0m
[ 21%] [32mBuilding CXX object CMakeFiles/ccmslam_lib.dir/src/Tracking.cpp.o[0m
In file included from [01m[K/home/qizh/ccmslam_ws/src/ccm_slam/cslam/thirdparty/g2o/g2o/types/types_six_dof_expmap.h:37:0[m[K,
                 from [01m[K/home/qizh/ccmslam_ws/src/ccm_slam/cslam/include/cslam/Converter.h:41[m[K,
                 from [01m[K/home/qizh/ccmslam_ws/src/ccm_slam/cslam/include/cslam/Tracking.h:40[m[K,
                 from [01m[K/home/qizh/ccmslam_ws/src/ccm_slam/cslam/src/Tracking.cpp:26[m[K:
[01m[K/home/qizh/ccmslam_ws/src/ccm_slam/cslam/thirdparty/g2o/g2o/types/../core/base_vertex.h:62:74:[m[K [01;35m[Kwarning: [m[K‘[01m[KEigen::AlignedBit[m[K’ is deprecated [[01;35m[K-Wdeprecated-declarations[m[K]
     typedef Eigen::Map<Matrix<double, D, D>, Matrix<double,D,D>::Flags & [01;35m[KAlignedBit[m[K ? Aligned : Unaligned >  HessianBlockType;
                                                                          [01;35m[K^~~~~~~~~~[m[K
In file included from [01m[K/usr/local/include/eigen3/Eigen/Core:363:0[m[K,
                 from [01m[K/usr/local/include/eigen3/Eigen/StdVector:14[m[K,
                 from [01m[K/usr/include/pcl-1.8/pcl/point_cloud.h:46[m[K,
                 from [01m[K/home/qizh/ccmslam_ws/src/ccm_slam/cslam/include/cslam/estd.h:41[m[K,
                 from [01m[K/home/qizh/ccmslam_ws/src/ccm_slam/cslam/include/cslam/Tracking.h:39[m[K,
                 from [01m[K/home/qizh/ccmslam_ws/src/ccm_slam/cslam/src/Tracking.cpp:26[m[K:
[01m[K/usr/local/include/eigen3/Eigen/src/Core/util/Constants.h:162:37:[m[K [01;36m[Knote: [m[Kdeclared here
 EIGEN_DEPRECATED const unsigned int [01;36m[KAlignedBit[m[K = 0x80;
                                     [01;36m[K^~~~~~~~~~[m[K
In file included from [01m[K/home/qizh/ccmslam_ws/src/ccm_slam/cslam/thirdparty/g2o/g2o/types/types_six_dof_expmap.h:38:0[m[K,
                 from [01m[K/home/qizh/ccmslam_ws/src/ccm_slam/cslam/include/cslam/Converter.h:41[m[K,
                 from [01m[K/home/qizh/ccmslam_ws/src/ccm_slam/cslam/include/cslam/Tracking.h:40[m[K,
                 from [01m[K/home/qizh/ccmslam_ws/src/ccm_slam/cslam/src/Tracking.cpp:26[m[K:
[01m[K/home/qizh/ccmslam_ws/src/ccm_slam/cslam/thirdparty/g2o/g2o/types/../core/base_binary_edge.h:59:82:[m[K [01;35m[Kwarning: [m[K‘[01m[KEigen::AlignedBit[m[K’ is deprecated [[01;35m[K-Wdeprecated-declarations[m[K]
       typedef Eigen::Map<Matrix<double, Di, Dj>, Matrix<double, Di, Dj>::Flags & [01;35m[KAlignedBit[m[K ? Aligned : Unaligned > HessianBlockType;
                                                                                  [01;35m[K^~~~~~~~~~[m[K
In file included from [01m[K/usr/local/include/eigen3/Eigen/Core:363:0[m[K,
                 from [01m[K/usr/local/include/eigen3/Eigen/StdVector:14[m[K,
                 from [01m[K/usr/include/pcl-1.8/pcl/point_cloud.h:46[m[K,
                 from [01m[K/home/qizh/ccmslam_ws/src/ccm_slam/cslam/include/cslam/estd.h:41[m[K,
                 from [01m[K/home/qizh/ccmslam_ws/src/ccm_slam/cslam/include/cslam/Tracking.h:39[m[K,
                 from [01m[K/home/qizh/ccmslam_ws/src/ccm_slam/cslam/src/Tracking.cpp:26[m[K:
[01m[K/usr/local/include/eigen3/Eigen/src/Core/util/Constants.h:162:37:[m[K [01;36m[Knote: [m[Kdeclared here
 EIGEN_DEPRECATED const unsigned int [01;36m[KAlignedBit[m[K = 0x80;
                                     [01;36m[K^~~~~~~~~~[m[K
In file included from [01m[K/home/qizh/ccmslam_ws/src/ccm_slam/cslam/thirdparty/g2o/g2o/types/types_six_dof_expmap.h:38:0[m[K,
                 from [01m[K/home/qizh/ccmslam_ws/src/ccm_slam/cslam/include/cslam/Converter.h:41[m[K,
                 from [01m[K/home/qizh/ccmslam_ws/src/ccm_slam/cslam/include/cslam/Tracking.h:40[m[K,
                 from [01m[K/home/qizh/ccmslam_ws/src/ccm_slam/cslam/src/Tracking.cpp:26[m[K:
[01m[K/home/qizh/ccmslam_ws/src/ccm_slam/cslam/thirdparty/g2o/g2o/types/../core/base_binary_edge.h:60:82:[m[K [01;35m[Kwarning: [m[K‘[01m[KEigen::AlignedBit[m[K’ is deprecated [[01;35m[K-Wdeprecated-declarations[m[K]
       typedef Eigen::Map<Matrix<double, Dj, Di>, Matrix<double, Dj, Di>::Flags & [01;35m[KAlignedBit[m[K ? Aligned : Unaligned > HessianBlockTransposedType;
                                                                                  [01;35m[K^~~~~~~~~~[m[K
In file included from [01m[K/usr/local/include/eigen3/Eigen/Core:363:0[m[K,
                 from [01m[K/usr/local/include/eigen3/Eigen/StdVector:14[m[K,
                 from [01m[K/usr/include/pcl-1.8/pcl/point_cloud.h:46[m[K,
                 from [01m[K/home/qizh/ccmslam_ws/src/ccm_slam/cslam/include/cslam/estd.h:41[m[K,
                 from [01m[K/home/qizh/ccmslam_ws/src/ccm_slam/cslam/include/cslam/Tracking.h:39[m[K,
                 from [01m[K/home/qizh/ccmslam_ws/src/ccm_slam/cslam/src/Tracking.cpp:26[m[K:
[01m[K/usr/local/include/eigen3/Eigen/src/Core/util/Constants.h:162:37:[m[K [01;36m[Knote: [m[Kdeclared here
 EIGEN_DEPRECATED const unsigned int [01;36m[KAlignedBit[m[K = 0x80;
                                     [01;36m[K^~~~~~~~~~[m[K
In file included from [01m[K/home/qizh/ccmslam_ws/src/ccm_slam/cslam/thirdparty/g2o/g2o/types/types_six_dof_expmap.h:37:0[m[K,
                 from [01m[K/home/qizh/ccmslam_ws/src/ccm_slam/cslam/include/cslam/Converter.h:41[m[K,
                 from [01m[K/home/qizh/ccmslam_ws/src/ccm_slam/cslam/include/cslam/Tracking.h:40[m[K,
                 from [01m[K/home/qizh/ccmslam_ws/src/ccm_slam/cslam/src/Tracking.cpp:26[m[K:
/home/qizh/ccmslam_ws/src/ccm_slam/cslam/thirdparty/g2o/g2o/types/../core/base_vertex.h: In instantiation of ‘[01m[Kclass g2o::BaseVertex<3, Eigen::Matrix<double, 3, 1> >[m[K’:
[01m[K/home/qizh/ccmslam_ws/src/ccm_slam/cslam/thirdparty/g2o/g2o/types/types_sba.h:40:35:[m[K   required from here
[01m[K/home/qizh/ccmslam_ws/src/ccm_slam/cslam/thirdparty/g2o/g2o/types/../core/base_vertex.h:62:72:[m[K [01;35m[Kwarning: [m[K‘[01m[KEigen::AlignedBit[m[K’ is deprecated [[01;35m[K-Wdeprecated-declarations[m[K]
     typedef Eigen::Map<Matrix<double, D, D>, [01;35m[KMatrix<double,D,D>::Flags & AlignedBit[m[K ? Aligned : Unaligned >  HessianBlockType;
                                              [01;35m[K~~~~~~~~~~~~~~~~~~~~~~~~~~^~~~~~~~~~~~[m[K
In file included from [01m[K/usr/local/include/eigen3/Eigen/Core:363:0[m[K,
                 from [01m[K/usr/local/include/eigen3/Eigen/StdVector:14[m[K,
                 from [01m[K/usr/include/pcl-1.8/pcl/point_cloud.h:46[m[K,
                 from [01m[K/home/qizh/ccmslam_ws/src/ccm_slam/cslam/include/cslam/estd.h:41[m[K,
                 from [01m[K/home/qizh/ccmslam_ws/src/ccm_slam/cslam/include/cslam/Tracking.h:39[m[K,
                 from [01m[K/home/qizh/ccmslam_ws/src/ccm_slam/cslam/src/Tracking.cpp:26[m[K:
[01m[K/usr/local/include/eigen3/Eigen/src/Core/util/Constants.h:162:37:[m[K [01;36m[Knote: [m[Kdeclared here
 EIGEN_DEPRECATED const unsigned int [01;36m[KAlignedBit[m[K = 0x80;
                                     [01;36m[K^~~~~~~~~~[m[K
In file included from [01m[K/home/qizh/ccmslam_ws/src/ccm_slam/cslam/thirdparty/g2o/g2o/types/types_six_dof_expmap.h:37:0[m[K,
                 from [01m[K/home/qizh/ccmslam_ws/src/ccm_slam/cslam/include/cslam/Converter.h:41[m[K,
                 from [01m[K/home/qizh/ccmslam_ws/src/ccm_slam/cslam/include/cslam/Tracking.h:40[m[K,
                 from [01m[K/home/qizh/ccmslam_ws/src/ccm_slam/cslam/src/Tracking.cpp:26[m[K:
/home/qizh/ccmslam_ws/src/ccm_slam/cslam/thirdparty/g2o/g2o/types/../core/base_vertex.h: In instantiation of ‘[01m[Kclass g2o::BaseVertex<6, g2o::SE3Quat>[m[K’:
[01m[K/home/qizh/ccmslam_ws/src/ccm_slam/cslam/thirdparty/g2o/g2o/types/types_six_dof_expmap.h:59:33:[m[K   required from here
[01m[K/home/qizh/ccmslam_ws/src/ccm_slam/cslam/thirdparty/g2o/g2o/types/../core/base_vertex.h:62:72:[m[K [01;35m[Kwarning: [m[K‘[01m[KEigen::AlignedBit[m[K’ is deprecated [[01;35m[K-Wdeprecated-declarations[m[K]
     typedef Eigen::Map<Matrix<double, D, D>, [01;35m[KMatrix<double,D,D>::Flags & AlignedBit[m[K ? Aligned : Unaligned >  HessianBlockType;
                                              [01;35m[K~~~~~~~~~~~~~~~~~~~~~~~~~~^~~~~~~~~~~~[m[K
In file included from [01m[K/usr/local/include/eigen3/Eigen/Core:363:0[m[K,
                 from [01m[K/usr/local/include/eigen3/Eigen/StdVector:14[m[K,
                 from [01m[K/usr/include/pcl-1.8/pcl/point_cloud.h:46[m[K,
                 from [01m[K/home/qizh/ccmslam_ws/src/ccm_slam/cslam/include/cslam/estd.h:41[m[K,
                 from [01m[K/home/qizh/ccmslam_ws/src/ccm_slam/cslam/include/cslam/Tracking.h:39[m[K,
                 from [01m[K/home/qizh/ccmslam_ws/src/ccm_slam/cslam/src/Tracking.cpp:26[m[K:
[01m[K/usr/local/include/eigen3/Eigen/src/Core/util/Constants.h:162:37:[m[K [01;36m[Knote: [m[Kdeclared here
 EIGEN_DEPRECATED const unsigned int [01;36m[KAlignedBit[m[K = 0x80;
                                     [01;36m[K^~~~~~~~~~[m[K
In file included from [01m[K/home/qizh/ccmslam_ws/src/ccm_slam/cslam/thirdparty/g2o/g2o/types/types_six_dof_expmap.h:38:0[m[K,
                 from [01m[K/home/qizh/ccmslam_ws/src/ccm_slam/cslam/include/cslam/Converter.h:41[m[K,
                 from [01m[K/home/qizh/ccmslam_ws/src/ccm_slam/cslam/include/cslam/Tracking.h:40[m[K,
                 from [01m[K/home/qizh/ccmslam_ws/src/ccm_slam/cslam/src/Tracking.cpp:26[m[K:
/home/qizh/ccmslam_ws/src/ccm_slam/cslam/thirdparty/g2o/g2o/types/../core/base_binary_edge.h: In instantiation of ‘[01m[Kclass g2o::BaseBinaryEdge<2, Eigen::Matrix<double, 2, 1>, g2o::VertexSBAPointXYZ, g2o::VertexSE3Expmap>[m[K’:
[01m[K/home/qizh/ccmslam_ws/src/ccm_slam/cslam/thirdparty/g2o/g2o/types/types_six_dof_expmap.h:80:35:[m[K   required from here
[01m[K/home/qizh/ccmslam_ws/src/ccm_slam/cslam/thirdparty/g2o/g2o/types/../core/base_binary_edge.h:59:80:[m[K [01;35m[Kwarning: [m[K‘[01m[KEigen::AlignedBit[m[K’ is deprecated [[01;35m[K-Wdeprecated-declarations[m[K]
       typedef Eigen::Map<Matrix<double, Di, Dj>, [01;35m[KMatrix<double, Di, Dj>::Flags & AlignedBit[m[K ? Aligned : Unaligned > HessianBlockType;
                                                  [01;35m[K~~~~~~~~~~~~~~~~~~~~~~~~~~~~~~^~~~~~~~~~~~[m[K
In file included from [01m[K/usr/local/include/eigen3/Eigen/Core:363:0[m[K,
                 from [01m[K/usr/local/include/eigen3/Eigen/StdVector:14[m[K,
                 from [01m[K/usr/include/pcl-1.8/pcl/point_cloud.h:46[m[K,
                 from [01m[K/home/qizh/ccmslam_ws/src/ccm_slam/cslam/include/cslam/estd.h:41[m[K,
                 from [01m[K/home/qizh/ccmslam_ws/src/ccm_slam/cslam/include/cslam/Tracking.h:39[m[K,
                 from [01m[K/home/qizh/ccmslam_ws/src/ccm_slam/cslam/src/Tracking.cpp:26[m[K:
[01m[K/usr/local/include/eigen3/Eigen/src/Core/util/Constants.h:162:37:[m[K [01;36m[Knote: [m[Kdeclared here
 EIGEN_DEPRECATED const unsigned int [01;36m[KAlignedBit[m[K = 0x80;
                                     [01;36m[K^~~~~~~~~~[m[K
In file included from [01m[K/home/qizh/ccmslam_ws/src/ccm_slam/cslam/thirdparty/g2o/g2o/types/types_six_dof_expmap.h:38:0[m[K,
                 from [01m[K/home/qizh/ccmslam_ws/src/ccm_slam/cslam/include/cslam/Converter.h:41[m[K,
                 from [01m[K/home/qizh/ccmslam_ws/src/ccm_slam/cslam/include/cslam/Tracking.h:40[m[K,
                 from [01m[K/home/qizh/ccmslam_ws/src/ccm_slam/cslam/src/Tracking.cpp:26[m[K:
[01m[K/home/qizh/ccmslam_ws/src/ccm_slam/cslam/thirdparty/g2o/g2o/types/../core/base_binary_edge.h:60:80:[m[K [01;35m[Kwarning: [m[K‘[01m[KEigen::AlignedBit[m[K’ is deprecated [[01;35m[K-Wdeprecated-declarations[m[K]
       typedef Eigen::Map<Matrix<double, Dj, Di>, [01;35m[KMatrix<double, Dj, Di>::Flags & AlignedBit[m[K ? Aligned : Unaligned > HessianBlockTransposedType;
                                                  [01;35m[K~~~~~~~~~~~~~~~~~~~~~~~~~~~~~~^~~~~~~~~~~~[m[K
In file included from [01m[K/usr/local/include/eigen3/Eigen/Core:363:0[m[K,
                 from [01m[K/usr/local/include/eigen3/Eigen/StdVector:14[m[K,
                 from [01m[K/usr/include/pcl-1.8/pcl/point_cloud.h:46[m[K,
                 from [01m[K/home/qizh/ccmslam_ws/src/ccm_slam/cslam/include/cslam/estd.h:41[m[K,
                 from [01m[K/home/qizh/ccmslam_ws/src/ccm_slam/cslam/include/cslam/Tracking.h:39[m[K,
                 from [01m[K/home/qizh/ccmslam_ws/src/ccm_slam/cslam/src/Tracking.cpp:26[m[K:
[01m[K/usr/local/include/eigen3/Eigen/src/Core/util/Constants.h:162:37:[m[K [01;36m[Knote: [m[Kdeclared here
 EIGEN_DEPRECATED const unsigned int [01;36m[KAlignedBit[m[K = 0x80;
                                     [01;36m[K^~~~~~~~~~[m[K
In file included from [01m[K/home/qizh/ccmslam_ws/src/ccm_slam/cslam/thirdparty/g2o/g2o/types/types_six_dof_expmap.h:38:0[m[K,
                 from [01m[K/home/qizh/ccmslam_ws/src/ccm_slam/cslam/include/cslam/Converter.h:41[m[K,
                 from [01m[K/home/qizh/ccmslam_ws/src/ccm_slam/cslam/include/cslam/Tracking.h:40[m[K,
                 from [01m[K/home/qizh/ccmslam_ws/src/ccm_slam/cslam/src/Tracking.cpp:26[m[K:
/home/qizh/ccmslam_ws/src/ccm_slam/cslam/thirdparty/g2o/g2o/types/../core/base_binary_edge.h: In instantiation of ‘[01m[Kclass g2o::BaseBinaryEdge<3, Eigen::Matrix<double, 3, 1>, g2o::VertexSBAPointXYZ, g2o::VertexSE3Expmap>[m[K’:
[01m[K/home/qizh/ccmslam_ws/src/ccm_slam/cslam/thirdparty/g2o/g2o/types/types_six_dof_expmap.h:112:41:[m[K   required from here
[01m[K/home/qizh/ccmslam_ws/src/ccm_slam/cslam/thirdparty/g2o/g2o/types/../core/base_binary_edge.h:59:80:[m[K [01;35m[Kwarning: [m[K‘[01m[KEigen::AlignedBit[m[K’ is deprecated [[01;35m[K-Wdeprecated-declarations[m[K]
       typedef Eigen::Map<Matrix<double, Di, Dj>, [01;35m[KMatrix<double, Di, Dj>::Flags & AlignedBit[m[K ? Aligned : Unaligned > HessianBlockType;
                                                  [01;35m[K~~~~~~~~~~~~~~~~~~~~~~~~~~~~~~^~~~~~~~~~~~[m[K
In file included from [01m[K/usr/local/include/eigen3/Eigen/Core:363:0[m[K,
                 from [01m[K/usr/local/include/eigen3/Eigen/StdVector:14[m[K,
                 from [01m[K/usr/include/pcl-1.8/pcl/point_cloud.h:46[m[K,
                 from [01m[K/home/qizh/ccmslam_ws/src/ccm_slam/cslam/include/cslam/estd.h:41[m[K,
                 from [01m[K/home/qizh/ccmslam_ws/src/ccm_slam/cslam/include/cslam/Tracking.h:39[m[K,
                 from [01m[K/home/qizh/ccmslam_ws/src/ccm_slam/cslam/src/Tracking.cpp:26[m[K:
[01m[K/usr/local/include/eigen3/Eigen/src/Core/util/Constants.h:162:37:[m[K [01;36m[Knote: [m[Kdeclared here
 EIGEN_DEPRECATED const unsigned int [01;36m[KAlignedBit[m[K = 0x80;
                                     [01;36m[K^~~~~~~~~~[m[K
In file included from [01m[K/home/qizh/ccmslam_ws/src/ccm_slam/cslam/thirdparty/g2o/g2o/types/types_six_dof_expmap.h:38:0[m[K,
                 from [01m[K/home/qizh/ccmslam_ws/src/ccm_slam/cslam/include/cslam/Converter.h:41[m[K,
                 from [01m[K/home/qizh/ccmslam_ws/src/ccm_slam/cslam/include/cslam/Tracking.h:40[m[K,
                 from [01m[K/home/qizh/ccmslam_ws/src/ccm_slam/cslam/src/Tracking.cpp:26[m[K:
[01m[K/home/qizh/ccmslam_ws/src/ccm_slam/cslam/thirdparty/g2o/g2o/types/../core/base_binary_edge.h:60:80:[m[K [01;35m[Kwarning: [m[K‘[01m[KEigen::AlignedBit[m[K’ is deprecated [[01;35m[K-Wdeprecated-declarations[m[K]
       typedef Eigen::Map<Matrix<double, Dj, Di>, [01;35m[KMatrix<double, Dj, Di>::Flags & AlignedBit[m[K ? Aligned : Unaligned > HessianBlockTransposedType;
                                                  [01;35m[K~~~~~~~~~~~~~~~~~~~~~~~~~~~~~~^~~~~~~~~~~~[m[K
In file included from [01m[K/usr/local/include/eigen3/Eigen/Core:363:0[m[K,
                 from [01m[K/usr/local/include/eigen3/Eigen/StdVector:14[m[K,
                 from [01m[K/usr/include/pcl-1.8/pcl/point_cloud.h:46[m[K,
                 from [01m[K/home/qizh/ccmslam_ws/src/ccm_slam/cslam/include/cslam/estd.h:41[m[K,
                 from [01m[K/home/qizh/ccmslam_ws/src/ccm_slam/cslam/include/cslam/Tracking.h:39[m[K,
                 from [01m[K/home/qizh/ccmslam_ws/src/ccm_slam/cslam/src/Tracking.cpp:26[m[K:
[01m[K/usr/local/include/eigen3/Eigen/src/Core/util/Constants.h:162:37:[m[K [01;36m[Knote: [m[Kdeclared here
 EIGEN_DEPRECATED const unsigned int [01;36m[KAlignedBit[m[K = 0x80;
                                     [01;36m[K^~~~~~~~~~[m[K
In file included from [01m[K/home/qizh/ccmslam_ws/src/ccm_slam/cslam/thirdparty/g2o/g2o/types/types_six_dof_expmap.h:37:0[m[K,
                 from [01m[K/home/qizh/ccmslam_ws/src/ccm_slam/cslam/include/cslam/Converter.h:41[m[K,
                 from [01m[K/home/qizh/ccmslam_ws/src/ccm_slam/cslam/include/cslam/Tracking.h:40[m[K,
                 from [01m[K/home/qizh/ccmslam_ws/src/ccm_slam/cslam/src/Tracking.cpp:26[m[K:
/home/qizh/ccmslam_ws/src/ccm_slam/cslam/thirdparty/g2o/g2o/types/../core/base_vertex.h: In instantiation of ‘[01m[Kclass g2o::BaseVertex<7, g2o::Sim3>[m[K’:
[01m[K/home/qizh/ccmslam_ws/src/ccm_slam/cslam/thirdparty/g2o/g2o/types/types_seven_dof_expmap.h:48:35:[m[K   required from here
[01m[K/home/qizh/ccmslam_ws/src/ccm_slam/cslam/thirdparty/g2o/g2o/types/../core/base_vertex.h:62:72:[m[K [01;35m[Kwarning: [m[K‘[01m[KEigen::AlignedBit[m[K’ is deprecated [[01;35m[K-Wdeprecated-declarations[m[K]
     typedef Eigen::Map<Matrix<double, D, D>, [01;35m[KMatrix<double,D,D>::Flags & AlignedBit[m[K ? Aligned : Unaligned >  HessianBlockType;
                                              [01;35m[K~~~~~~~~~~~~~~~~~~~~~~~~~~^~~~~~~~~~~~[m[K
In file included from [01m[K/usr/local/include/eigen3/Eigen/Core:363:0[m[K,
                 from [01m[K/usr/local/include/eigen3/Eigen/StdVector:14[m[K,
                 from [01m[K/usr/include/pcl-1.8/pcl/point_cloud.h:46[m[K,
                 from [01m[K/home/qizh/ccmslam_ws/src/ccm_slam/cslam/include/cslam/estd.h:41[m[K,
                 from [01m[K/home/qizh/ccmslam_ws/src/ccm_slam/cslam/include/cslam/Tracking.h:39[m[K,
                 from [01m[K/home/qizh/ccmslam_ws/src/ccm_slam/cslam/src/Tracking.cpp:26[m[K:
[01m[K/usr/local/include/eigen3/Eigen/src/Core/util/Constants.h:162:37:[m[K [01;36m[Knote: [m[Kdeclared here
 EIGEN_DEPRECATED const unsigned int [01;36m[KAlignedBit[m[K = 0x80;
                                     [01;36m[K^~~~~~~~~~[m[K
In file included from [01m[K/home/qizh/ccmslam_ws/src/ccm_slam/cslam/thirdparty/g2o/g2o/types/types_six_dof_expmap.h:38:0[m[K,
                 from [01m[K/home/qizh/ccmslam_ws/src/ccm_slam/cslam/include/cslam/Converter.h:41[m[K,
                 from [01m[K/home/qizh/ccmslam_ws/src/ccm_slam/cslam/include/cslam/Tracking.h:40[m[K,
                 from [01m[K/home/qizh/ccmslam_ws/src/ccm_slam/cslam/src/Tracking.cpp:26[m[K:
/home/qizh/ccmslam_ws/src/ccm_slam/cslam/thirdparty/g2o/g2o/types/../core/base_binary_edge.h: In instantiation of ‘[01m[Kclass g2o::BaseBinaryEdge<7, g2o::Sim3, g2o::VertexSim3Expmap, g2o::VertexSim3Expmap>[m[K’:
[01m[K/home/qizh/ccmslam_ws/src/ccm_slam/cslam/thirdparty/g2o/g2o/types/types_seven_dof_expmap.h:99:27:[m[K   required from here
[01m[K/home/qizh/ccmslam_ws/src/ccm_slam/cslam/thirdparty/g2o/g2o/types/../core/base_binary_edge.h:59:80:[m[K [01;35m[Kwarning: [m[K‘[01m[KEigen::AlignedBit[m[K’ is deprecated [[01;35m[K-Wdeprecated-declarations[m[K]
       typedef Eigen::Map<Matrix<double, Di, Dj>, [01;35m[KMatrix<double, Di, Dj>::Flags & AlignedBit[m[K ? Aligned : Unaligned > HessianBlockType;
                                                  [01;35m[K~~~~~~~~~~~~~~~~~~~~~~~~~~~~~~^~~~~~~~~~~~[m[K
In file included from [01m[K/usr/local/include/eigen3/Eigen/Core:363:0[m[K,
                 from [01m[K/usr/local/include/eigen3/Eigen/StdVector:14[m[K,
                 from [01m[K/usr/include/pcl-1.8/pcl/point_cloud.h:46[m[K,
                 from [01m[K/home/qizh/ccmslam_ws/src/ccm_slam/cslam/include/cslam/estd.h:41[m[K,
                 from [01m[K/home/qizh/ccmslam_ws/src/ccm_slam/cslam/include/cslam/Tracking.h:39[m[K,
                 from [01m[K/home/qizh/ccmslam_ws/src/ccm_slam/cslam/src/Tracking.cpp:26[m[K:
[01m[K/usr/local/include/eigen3/Eigen/src/Core/util/Constants.h:162:37:[m[K [01;36m[Knote: [m[Kdeclared here
 EIGEN_DEPRECATED const unsigned int [01;36m[KAlignedBit[m[K = 0x80;
                                     [01;36m[K^~~~~~~~~~[m[K
In file included from [01m[K/home/qizh/ccmslam_ws/src/ccm_slam/cslam/thirdparty/g2o/g2o/types/types_six_dof_expmap.h:38:0[m[K,
                 from [01m[K/home/qizh/ccmslam_ws/src/ccm_slam/cslam/include/cslam/Converter.h:41[m[K,
                 from [01m[K/home/qizh/ccmslam_ws/src/ccm_slam/cslam/include/cslam/Tracking.h:40[m[K,
                 from [01m[K/home/qizh/ccmslam_ws/src/ccm_slam/cslam/src/Tracking.cpp:26[m[K:
[01m[K/home/qizh/ccmslam_ws/src/ccm_slam/cslam/thirdparty/g2o/g2o/types/../core/base_binary_edge.h:60:80:[m[K [01;35m[Kwarning: [m[K‘[01m[KEigen::AlignedBit[m[K’ is deprecated [[01;35m[K-Wdeprecated-declarations[m[K]
       typedef Eigen::Map<Matrix<double, Dj, Di>, [01;35m[KMatrix<double, Dj, Di>::Flags & AlignedBit[m[K ? Aligned : Unaligned > HessianBlockTransposedType;
                                                  [01;35m[K~~~~~~~~~~~~~~~~~~~~~~~~~~~~~~^~~~~~~~~~~~[m[K
In file included from [01m[K/usr/local/include/eigen3/Eigen/Core:363:0[m[K,
                 from [01m[K/usr/local/include/eigen3/Eigen/StdVector:14[m[K,
                 from [01m[K/usr/include/pcl-1.8/pcl/point_cloud.h:46[m[K,
                 from [01m[K/home/qizh/ccmslam_ws/src/ccm_slam/cslam/include/cslam/estd.h:41[m[K,
                 from [01m[K/home/qizh/ccmslam_ws/src/ccm_slam/cslam/include/cslam/Tracking.h:39[m[K,
                 from [01m[K/home/qizh/ccmslam_ws/src/ccm_slam/cslam/src/Tracking.cpp:26[m[K:
[01m[K/usr/local/include/eigen3/Eigen/src/Core/util/Constants.h:162:37:[m[K [01;36m[Knote: [m[Kdeclared here
 EIGEN_DEPRECATED const unsigned int [01;36m[KAlignedBit[m[K = 0x80;
                                     [01;36m[K^~~~~~~~~~[m[K
In file included from [01m[K/home/qizh/ccmslam_ws/src/ccm_slam/cslam/thirdparty/g2o/g2o/types/types_six_dof_expmap.h:38:0[m[K,
                 from [01m[K/home/qizh/ccmslam_ws/src/ccm_slam/cslam/include/cslam/Converter.h:41[m[K,
                 from [01m[K/home/qizh/ccmslam_ws/src/ccm_slam/cslam/include/cslam/Tracking.h:40[m[K,
                 from [01m[K/home/qizh/ccmslam_ws/src/ccm_slam/cslam/src/Tracking.cpp:26[m[K:
/home/qizh/ccmslam_ws/src/ccm_slam/cslam/thirdparty/g2o/g2o/types/../core/base_binary_edge.h: In instantiation of ‘[01m[Kclass g2o::BaseBinaryEdge<2, Eigen::Matrix<double, 2, 1>, g2o::VertexSBAPointXYZ, g2o::VertexSim3Expmap>[m[K’:
[01m[K/home/qizh/ccmslam_ws/src/ccm_slam/cslam/thirdparty/g2o/g2o/types/types_seven_dof_expmap.h:130:36:[m[K   required from here
[01m[K/home/qizh/ccmslam_ws/src/ccm_slam/cslam/thirdparty/g2o/g2o/types/../core/base_binary_edge.h:59:80:[m[K [01;35m[Kwarning: [m[K‘[01m[KEigen::AlignedBit[m[K’ is deprecated [[01;35m[K-Wdeprecated-declarations[m[K]
       typedef Eigen::Map<Matrix<double, Di, Dj>, [01;35m[KMatrix<double, Di, Dj>::Flags & AlignedBit[m[K ? Aligned : Unaligned > HessianBlockType;
                                                  [01;35m[K~~~~~~~~~~~~~~~~~~~~~~~~~~~~~~^~~~~~~~~~~~[m[K
In file included from [01m[K/usr/local/include/eigen3/Eigen/Core:363:0[m[K,
                 from [01m[K/usr/local/include/eigen3/Eigen/StdVector:14[m[K,
                 from [01m[K/usr/include/pcl-1.8/pcl/point_cloud.h:46[m[K,
                 from [01m[K/home/qizh/ccmslam_ws/src/ccm_slam/cslam/include/cslam/estd.h:41[m[K,
                 from [01m[K/home/qizh/ccmslam_ws/src/ccm_slam/cslam/include/cslam/Tracking.h:39[m[K,
                 from [01m[K/home/qizh/ccmslam_ws/src/ccm_slam/cslam/src/Tracking.cpp:26[m[K:
[01m[K/usr/local/include/eigen3/Eigen/src/Core/util/Constants.h:162:37:[m[K [01;36m[Knote: [m[Kdeclared here
 EIGEN_DEPRECATED const unsigned int [01;36m[KAlignedBit[m[K = 0x80;
                                     [01;36m[K^~~~~~~~~~[m[K
In file included from [01m[K/home/qizh/ccmslam_ws/src/ccm_slam/cslam/thirdparty/g2o/g2o/types/types_six_dof_expmap.h:38:0[m[K,
                 from [01m[K/home/qizh/ccmslam_ws/src/ccm_slam/cslam/include/cslam/Converter.h:41[m[K,
                 from [01m[K/home/qizh/ccmslam_ws/src/ccm_slam/cslam/include/cslam/Tracking.h:40[m[K,
                 from [01m[K/home/qizh/ccmslam_ws/src/ccm_slam/cslam/src/Tracking.cpp:26[m[K:
[01m[K/home/qizh/ccmslam_ws/src/ccm_slam/cslam/thirdparty/g2o/g2o/types/../core/base_binary_edge.h:60:80:[m[K [01;35m[Kwarning: [m[K‘[01m[KEigen::AlignedBit[m[K’ is deprecated [[01;35m[K-Wdeprecated-declarations[m[K]
       typedef Eigen::Map<Matrix<double, Dj, Di>, [01;35m[KMatrix<double, Dj, Di>::Flags & AlignedBit[m[K ? Aligned : Unaligned > HessianBlockTransposedType;
                                                  [01;35m[K~~~~~~~~~~~~~~~~~~~~~~~~~~~~~~^~~~~~~~~~~~[m[K
In file included from [01m[K/usr/local/include/eigen3/Eigen/Core:363:0[m[K,
                 from [01m[K/usr/local/include/eigen3/Eigen/StdVector:14[m[K,
                 from [01m[K/usr/include/pcl-1.8/pcl/point_cloud.h:46[m[K,
                 from [01m[K/home/qizh/ccmslam_ws/src/ccm_slam/cslam/include/cslam/estd.h:41[m[K,
                 from [01m[K/home/qizh/ccmslam_ws/src/ccm_slam/cslam/include/cslam/Tracking.h:39[m[K,
                 from [01m[K/home/qizh/ccmslam_ws/src/ccm_slam/cslam/src/Tracking.cpp:26[m[K:
[01m[K/usr/local/include/eigen3/Eigen/src/Core/util/Constants.h:162:37:[m[K [01;36m[Knote: [m[Kdeclared here
 EIGEN_DEPRECATED const unsigned int [01;36m[KAlignedBit[m[K = 0x80;
                                     [01;36m[K^~~~~~~~~~[m[K
In file included from [01m[K/home/qizh/ccmslam_ws/src/ccm_slam/cslam/include/cslam/Optimizer.h:47:0[m[K,
                 from [01m[K/home/qizh/ccmslam_ws/src/ccm_slam/cslam/include/cslam/MapMatcher.h:52[m[K,
                 from [01m[K/home/qizh/ccmslam_ws/src/ccm_slam/cslam/include/cslam/Mapping.h:40[m[K,
                 from [01m[K/home/qizh/ccmslam_ws/src/ccm_slam/cslam/include/cslam/ClientHandler.h:47[m[K,
                 from [01m[K/home/qizh/ccmslam_ws/src/ccm_slam/cslam/include/cslam/CentralControl.h:38[m[K,
                 from [01m[K/home/qizh/ccmslam_ws/src/ccm_slam/cslam/include/cslam/Map.h:41[m[K,
                 from [01m[K/home/qizh/ccmslam_ws/src/ccm_slam/cslam/include/cslam/Database.h:41[m[K,
                 from [01m[K/home/qizh/ccmslam_ws/src/ccm_slam/cslam/include/cslam/KeyFrame.h:41[m[K,
                 from [01m[K/home/qizh/ccmslam_ws/src/ccm_slam/cslam/include/cslam/MapPoint.h:40[m[K,
                 from [01m[K/home/qizh/ccmslam_ws/src/ccm_slam/cslam/include/cslam/Frame.h:39[m[K,
                 from [01m[K/home/qizh/ccmslam_ws/src/ccm_slam/cslam/include/cslam/ORBmatcher.h:71[m[K,
                 from [01m[K/home/qizh/ccmslam_ws/src/ccm_slam/cslam/include/cslam/Tracking.h:43[m[K,
                 from [01m[K/home/qizh/ccmslam_ws/src/ccm_slam/cslam/src/Tracking.cpp:26[m[K:
[01m[K/home/qizh/ccmslam_ws/src/ccm_slam/cslam/thirdparty/g2o/g2o/solvers/linear_solver_eigen.h:45:50:[m[K [01;36m[Knote: [m[K#pragma message: g2o: Ubuntu 16 configuration
 #pragma message ( "g2o: Ubuntu 16 configuration" [01;36m[K)[m[K
                                                  [01;36m[K^[m[K
[ 24%] [32m[1mLinking CXX shared library /home/qizh/ccmslam_ws/devel/.private/ccmslam/lib/libccmslam_lib.so[0m
[ 83%] Built target ccmslam_lib
[ 86%] [32m[1mLinking CXX executable /home/qizh/ccmslam_ws/devel/.private/ccmslam/lib/ccmslam/ccmslamServerNode[0m
[ 89%] [32m[1mLinking CXX executable /home/qizh/ccmslam_ws/devel/.private/ccmslam/lib/ccmslam/ccmslamClientNode[0m
[ 94%] Built target ccmslamServerNode
[100%] Built target ccmslamClientNode
