[  0%] Built target geometry_msgs_generate_messages_lisp
[  0%] Built target std_msgs_generate_messages_lisp
[  0%] Built target sensor_msgs_generate_messages_lisp
[  0%] Built target std_msgs_generate_messages_py
[  0%] Built target _ccmslam_msgs_generate_messages_check_deps_MPred
[  0%] Built target _ccmslam_msgs_generate_messages_check_deps_Map
[  0%] Built target _ccmslam_msgs_generate_messages_check_deps_KF
[  0%] Built target _ccmslam_msgs_generate_messages_check_deps_KFred
[  0%] Built target std_msgs_generate_messages_nodejs
[  0%] Built target _ccmslam_msgs_generate_messages_check_deps_MP
[  0%] Built target sensor_msgs_generate_messages_py
[  0%] Built target _ccmslam_msgs_generate_messages_check_deps_CvKeyPoint
[  0%] Built target _ccmslam_msgs_generate_messages_check_deps_UIntVec
[  0%] Built target _ccmslam_msgs_generate_messages_check_deps_Descriptor
[  0%] Built target geometry_msgs_generate_messages_py
[  0%] Built target geometry_msgs_generate_messages_nodejs
[  0%] Built target sensor_msgs_generate_messages_nodejs
[  0%] Built target sensor_msgs_generate_messages_cpp
[  0%] Built target sensor_msgs_generate_messages_eus
[  0%] Built target geometry_msgs_generate_messages_eus
[  0%] Built target geometry_msgs_generate_messages_cpp
[  0%] Built target std_msgs_generate_messages_cpp
[  0%] Built target std_msgs_generate_messages_eus
[ 21%] Built target ccmslam_msgs_generate_messages_py
[ 40%] Built target ccmslam_msgs_generate_messages_lisp
[ 59%] Built target ccmslam_msgs_generate_messages_nodejs
[ 80%] Built target ccmslam_msgs_generate_messages_eus
[100%] Built target ccmslam_msgs_generate_messages_cpp
[100%] Built target ccmslam_msgs_generate_messages
